<?xml version="1.0" encoding="UTF-8"?>
<testng-results skipped="0" failed="1" total="2" passed="1">
  <reporter-output>
  </reporter-output>
  <suite name="Default suite" duration-ms="28602" started-at="2020-11-22T06:00:01Z" finished-at="2020-11-22T06:00:29Z">
    <groups>
    </groups>
    <test name="Default test" duration-ms="28602" started-at="2020-11-22T06:00:01Z" finished-at="2020-11-22T06:00:29Z">
      <class name="testngPack.ExtentReportsClass">
        <test-method status="PASS" signature="startReport()[pri:0, instance:testngPack.ExtentReportsClass@23223dd8]" name="startReport" is-config="true" duration-ms="288" started-at="2020-11-22T11:30:01Z" finished-at="2020-11-22T11:30:01Z">
          <reporter-output>
          </reporter-output>
        </test-method> <!-- startReport -->
        <test-method status="PASS" signature="LaunchBrowser()[pri:0, instance:testngPack.ExtentReportsClass@23223dd8]" name="LaunchBrowser" is-config="true" duration-ms="17159" started-at="2020-11-22T11:30:01Z" finished-at="2020-11-22T11:30:18Z">
          <reporter-output>
          </reporter-output>
        </test-method> <!-- LaunchBrowser -->
        <test-method status="FAIL" signature="VerifyPresentOfAgeTextbox()[pri:0, instance:testngPack.ExtentReportsClass@23223dd8]" name="VerifyPresentOfAgeTextbox" duration-ms="119" started-at="2020-11-22T11:30:18Z" finished-at="2020-11-22T11:30:18Z">
          <exception class="java.lang.AssertionError">
            <message>
              <![CDATA[expected [false] but found [true]]]>
            </message>
            <full-stacktrace>
              <![CDATA[java.lang.AssertionError: expected [false] but found [true]
	at org.testng.Assert.fail(Assert.java:94)
	at org.testng.Assert.failNotEquals(Assert.java:496)
	at org.testng.Assert.assertFalse(Assert.java:63)
	at org.testng.Assert.assertFalse(Assert.java:73)
	at testngPack.ExtentReportsClass.VerifyPresentOfAgeTextbox(ExtentReportsClass.java:73)
	at sun.reflect.NativeMethodAccessorImpl.invoke0(Native Method)
	at sun.reflect.NativeMethodAccessorImpl.invoke(Unknown Source)
	at sun.reflect.DelegatingMethodAccessorImpl.invoke(Unknown Source)
	at java.lang.reflect.Method.invoke(Unknown Source)
	at org.testng.internal.MethodInvocationHelper.invokeMethod(MethodInvocationHelper.java:85)
	at org.testng.internal.Invoker.invokeMethod(Invoker.java:663)
	at org.testng.internal.Invoker.invokeTestMethod(Invoker.java:849)
	at org.testng.internal.Invoker.invokeTestMethods(Invoker.java:1157)
	at org.testng.internal.TestMethodWorker.invokeTestMethods(TestMethodWorker.java:124)
	at org.testng.internal.TestMethodWorker.run(TestMethodWorker.java:108)
	at org.testng.TestRunner.privateRun(TestRunner.java:771)
	at org.testng.TestRunner.run(TestRunner.java:621)
	at org.testng.SuiteRunner.runTest(SuiteRunner.java:357)
	at org.testng.SuiteRunner.runSequentially(SuiteRunner.java:352)
	at org.testng.SuiteRunner.privateRun(SuiteRunner.java:310)
	at org.testng.SuiteRunner.run(SuiteRunner.java:259)
	at org.testng.SuiteRunnerWorker.runSuite(SuiteRunnerWorker.java:52)
	at org.testng.SuiteRunnerWorker.run(SuiteRunnerWorker.java:86)
	at org.testng.TestNG.runSuitesSequentially(TestNG.java:1200)
	at org.testng.TestNG.runSuitesLocally(TestNG.java:1125)
	at org.testng.TestNG.run(TestNG.java:1033)
	at org.testng.remote.RemoteTestNG.run(RemoteTestNG.java:111)
	at org.testng.remote.RemoteTestNG.initAndRun(RemoteTestNG.java:204)
	at org.testng.remote.RemoteTestNG.main(RemoteTestNG.java:175)
]]>
            </full-stacktrace>
          </exception> <!-- java.lang.AssertionError -->
          <reporter-output>
          </reporter-output>
        </test-method> <!-- VerifyPresentOfAgeTextbox -->
        <test-method status="PASS" signature="CloseBrowser(org.testng.ITestResult)[pri:0, instance:testngPack.ExtentReportsClass@23223dd8]" name="CloseBrowser" is-config="true" duration-ms="1923" started-at="2020-11-22T11:30:18Z" finished-at="2020-11-22T11:30:20Z">
          <params>
            <param index="0">
              <value>
                <![CDATA[[TestResult name=VerifyPresentOfAgeTextbox status=FAILURE method=ExtentReportsClass.VerifyPresentOfAgeTextbox()[pri:0, instance:testngPack.ExtentReportsClass@23223dd8] output={null}]]]>
              </value>
            </param>
          </params>
          <reporter-output>
          </reporter-output>
        </test-method> <!-- CloseBrowser -->
        <test-method status="PASS" signature="LaunchBrowser()[pri:0, instance:testngPack.ExtentReportsClass@23223dd8]" name="LaunchBrowser" is-config="true" duration-ms="7986" started-at="2020-11-22T11:30:20Z" finished-at="2020-11-22T11:30:28Z">
          <reporter-output>
          </reporter-output>
        </test-method> <!-- LaunchBrowser -->
        <test-method status="PASS" signature="verifyTitle()[pri:0, instance:testngPack.ExtentReportsClass@23223dd8]" name="verifyTitle" duration-ms="11" started-at="2020-11-22T11:30:28Z" finished-at="2020-11-22T11:30:28Z">
          <reporter-output>
          </reporter-output>
        </test-method> <!-- verifyTitle -->
        <test-method status="PASS" signature="CloseBrowser(org.testng.ITestResult)[pri:0, instance:testngPack.ExtentReportsClass@23223dd8]" name="CloseBrowser" is-config="true" duration-ms="720" started-at="2020-11-22T11:30:28Z" finished-at="2020-11-22T11:30:29Z">
          <params>
            <param index="0">
              <value>
                <![CDATA[[TestResult name=verifyTitle status=SUCCESS method=ExtentReportsClass.verifyTitle()[pri:0, instance:testngPack.ExtentReportsClass@23223dd8] output={null}]]]>
              </value>
            </param>
          </params>
          <reporter-output>
          </reporter-output>
        </test-method> <!-- CloseBrowser -->
        <test-method status="PASS" signature="stopTest()[pri:0, instance:testngPack.ExtentReportsClass@23223dd8]" name="stopTest" is-config="true" duration-ms="374" started-at="2020-11-22T11:30:29Z" finished-at="2020-11-22T11:30:29Z">
          <reporter-output>
          </reporter-output>
        </test-method> <!-- stopTest -->
      </class> <!-- testngPack.ExtentReportsClass -->
    </test> <!-- Default test -->
  </suite> <!-- Default suite -->
</testng-results>
